0 info it worked if it ends with ok
1 verbose cli [ 'node', '/usr/local/bin/npm', 'publish' ]
2 info using npm@1.3.24
3 info using node@v0.10.24
4 verbose publish [ '.' ]
5 verbose cache add [ '.', null ]
6 verbose cache add name=undefined spec="." args=[".",null]
7 verbose parsed url { protocol: null,
7 verbose parsed url   slashes: null,
7 verbose parsed url   auth: null,
7 verbose parsed url   host: null,
7 verbose parsed url   port: null,
7 verbose parsed url   hostname: null,
7 verbose parsed url   hash: null,
7 verbose parsed url   search: null,
7 verbose parsed url   query: null,
7 verbose parsed url   pathname: '.',
7 verbose parsed url   path: '.',
7 verbose parsed url   href: '.' }
8 silly lockFile 3a52ce78- .
9 verbose lock . /home/nathan/.npm/3a52ce78-.lock
10 verbose tar pack [ '/home/nathan/tmp/npm-9096-NEnb28GF/1390447826477-0.41453414713032544/tmp.tgz',
10 verbose tar pack   '.' ]
11 verbose tarball /home/nathan/tmp/npm-9096-NEnb28GF/1390447826477-0.41453414713032544/tmp.tgz
12 verbose folder .
13 info prepublish odin@0.0.6
14 silly lockFile 1f1177db-tar tar://.
15 verbose lock tar://. /home/nathan/.npm/1f1177db-tar.lock
16 silly lockFile 32c0cb95-6477-0-41453414713032544-tmp-tgz tar:///home/nathan/tmp/npm-9096-NEnb28GF/1390447826477-0.41453414713032544/tmp.tgz
17 verbose lock tar:///home/nathan/tmp/npm-9096-NEnb28GF/1390447826477-0.41453414713032544/tmp.tgz /home/nathan/.npm/32c0cb95-6477-0-41453414713032544-tmp-tgz.lock
18 silly lockFile 1f1177db-tar tar://.
19 silly lockFile 1f1177db-tar tar://.
20 silly lockFile 32c0cb95-6477-0-41453414713032544-tmp-tgz tar:///home/nathan/tmp/npm-9096-NEnb28GF/1390447826477-0.41453414713032544/tmp.tgz
21 silly lockFile 32c0cb95-6477-0-41453414713032544-tmp-tgz tar:///home/nathan/tmp/npm-9096-NEnb28GF/1390447826477-0.41453414713032544/tmp.tgz
22 verbose tar unpack /home/nathan/tmp/npm-9096-NEnb28GF/1390447826477-0.41453414713032544/tmp.tgz
23 silly lockFile 321a7f12-6477-0-41453414713032544-package tar:///home/nathan/tmp/npm-9096-NEnb28GF/1390447826477-0.41453414713032544/package
24 verbose lock tar:///home/nathan/tmp/npm-9096-NEnb28GF/1390447826477-0.41453414713032544/package /home/nathan/.npm/321a7f12-6477-0-41453414713032544-package.lock
25 silly lockFile 32c0cb95-6477-0-41453414713032544-tmp-tgz tar:///home/nathan/tmp/npm-9096-NEnb28GF/1390447826477-0.41453414713032544/tmp.tgz
26 verbose lock tar:///home/nathan/tmp/npm-9096-NEnb28GF/1390447826477-0.41453414713032544/tmp.tgz /home/nathan/.npm/32c0cb95-6477-0-41453414713032544-tmp-tgz.lock
27 silly gunzTarPerm modes [ '755', '644' ]
28 silly gunzTarPerm extractEntry package.json
29 silly gunzTarPerm extractEntry README.md
30 silly gunzTarPerm extractEntry Gruntfile.js
31 silly gunzTarPerm extractEntry build/odin.js
32 silly gunzTarPerm extractEntry build/odin.js.src.js
33 silly gunzTarPerm extractEntry build/odin.js.map
34 silly gunzTarPerm extractEntry src/odin/odin.js
35 silly gunzTarPerm extractEntry src/odin/odin_server.js
36 silly gunzTarPerm extractEntry src/odin/base/audio_ctx.js
37 silly gunzTarPerm extractEntry src/odin/base/class.js
38 silly gunzTarPerm extractEntry src/odin/base/device.js
39 silly gunzTarPerm extractEntry src/odin/base/dom.js
40 silly gunzTarPerm extractEntry src/odin/base/enum.js
41 silly gunzTarPerm extractEntry src/odin/base/event_emitter.js
42 silly gunzTarPerm extractEntry src/odin/base/object_pool.js
43 silly gunzTarPerm extractEntry src/odin/base/request_animation_frame.js
44 silly gunzTarPerm extractEntry src/odin/base/time.js
45 silly gunzTarPerm extractEntry src/odin/base/util.js
46 silly gunzTarPerm extractEntry src/odin/core/enums.js
47 silly gunzTarPerm extractEntry src/odin/core/game_object.js
48 silly gunzTarPerm extractEntry src/odin/core/scene.js
49 silly gunzTarPerm extractEntry src/odin/core/assets/asset.js
50 silly gunzTarPerm extractEntry src/odin/core/assets/asset_loader.js
51 silly gunzTarPerm extractEntry src/odin/core/assets/assets.js
52 silly gunzTarPerm extractEntry src/odin/core/assets/audio_clip.js
53 silly gunzTarPerm extractEntry src/odin/core/assets/material.js
54 silly gunzTarPerm extractEntry src/odin/core/assets/mesh.js
55 silly gunzTarPerm extractEntry src/odin/core/assets/shader.js
56 silly gunzTarPerm extractEntry src/odin/core/assets/sprite_sheet.js
57 silly gunzTarPerm extractEntry src/odin/core/assets/texture.js
58 silly gunzTarPerm extractEntry src/odin/core/components/audio_source.js
59 silly gunzTarPerm extractEntry src/odin/core/components/camera_2d.js
60 silly gunzTarPerm extractEntry src/odin/core/components/component.js
61 silly gunzTarPerm extractEntry src/odin/core/components/mesh_filter.js
62 silly gunzTarPerm extractEntry src/odin/core/components/camera.js
63 silly gunzTarPerm extractEntry src/odin/core/components/rigid_body_2d.js
64 silly gunzTarPerm extractEntry src/odin/core/components/sprite.js
65 silly gunzTarPerm extractEntry src/odin/core/components/sprite_animation.js
66 silly gunzTarPerm extractEntry src/odin/core/components/transform.js
67 silly gunzTarPerm extractEntry src/odin/core/components/transform_2d.js
68 silly gunzTarPerm extractEntry src/odin/core/components/particle_system/emitter.js
69 silly gunzTarPerm extractEntry src/odin/core/components/particle_system/emitter_2d.js
70 silly gunzTarPerm extractEntry src/odin/core/components/particle_system/particle.js
71 silly gunzTarPerm extractEntry src/odin/core/components/particle_system/particle_2d.js
72 silly gunzTarPerm extractEntry src/odin/core/components/particle_system/particle_system.js
73 silly gunzTarPerm extractEntry src/odin/core/components/particle_system/tween.js
74 silly gunzTarPerm extractEntry src/odin/core/game/base_game.js
75 silly gunzTarPerm extractEntry src/odin/core/game/client.js
76 silly gunzTarPerm extractEntry src/odin/core/game/client_game.js
77 silly gunzTarPerm extractEntry src/odin/core/game/config.js
78 silly gunzTarPerm extractEntry src/odin/core/game/game.js
79 silly gunzTarPerm extractEntry src/odin/core/game/log.js
80 silly gunzTarPerm extractEntry src/odin/core/game/loop.js
81 silly gunzTarPerm extractEntry src/odin/core/game/server_game.js
82 silly gunzTarPerm extractEntry src/odin/core/gui/gui.js
83 silly gunzTarPerm extractEntry src/odin/core/gui/gui_content.js
84 silly gunzTarPerm extractEntry src/odin/core/gui/gui_layout.js
85 silly gunzTarPerm extractEntry src/odin/core/gui/gui_style.js
86 silly gunzTarPerm extractEntry src/odin/core/gui/gui_style_state.js
87 silly gunzTarPerm extractEntry src/odin/core/input/axes.js
88 silly gunzTarPerm extractEntry src/odin/core/input/axis.js
89 silly gunzTarPerm extractEntry src/odin/core/input/button.js
90 silly gunzTarPerm extractEntry src/odin/core/input/buttons.js
91 silly gunzTarPerm extractEntry src/odin/core/input/handler.js
92 silly gunzTarPerm extractEntry src/odin/core/input/input.js
93 silly gunzTarPerm extractEntry src/odin/core/input/touch.js
94 silly gunzTarPerm extractEntry src/odin/core/input/touches.js
95 silly gunzTarPerm extractEntry src/odin/core/rendering/canvas.js
96 silly gunzTarPerm extractEntry src/odin/core/rendering/canvas_renderer_2d.js
97 silly gunzTarPerm extractEntry src/odin/core/rendering/webgl_renderer.js
98 silly gunzTarPerm extractEntry src/odin/core/rendering/webgl_renderer_2d.js
99 silly gunzTarPerm extractEntry src/odin/core/world/world.js
100 silly gunzTarPerm extractEntry src/odin/core/world/world_2d.js
101 silly gunzTarPerm extractEntry src/odin/lib/socket.io.js
102 silly gunzTarPerm extractEntry src/odin/math/aabb2.js
103 silly gunzTarPerm extractEntry src/odin/math/mat2.js
104 silly gunzTarPerm extractEntry src/odin/math/mat3.js
105 silly gunzTarPerm extractEntry src/odin/math/mat32.js
106 silly gunzTarPerm extractEntry src/odin/math/mat4.js
107 silly gunzTarPerm extractEntry src/odin/math/color.js
108 silly gunzTarPerm extractEntry src/odin/math/quat.js
109 silly gunzTarPerm extractEntry src/odin/math/rect.js
110 silly gunzTarPerm extractEntry src/odin/math/rect_offset.js
111 silly gunzTarPerm extractEntry src/odin/math/vec2.js
112 silly gunzTarPerm extractEntry src/odin/math/vec3.js
113 silly gunzTarPerm extractEntry src/odin/math/aabb3.js
114 silly gunzTarPerm extractEntry src/odin/math/vec4.js
115 silly gunzTarPerm extractEntry src/odin/math/mathf.js
116 silly gunzTarPerm extractEntry src/odin/phys2d/p2enums.js
117 silly gunzTarPerm extractEntry src/odin/phys2d/p2solver.js
118 silly gunzTarPerm extractEntry src/odin/phys2d/p2space.js
119 silly gunzTarPerm extractEntry src/odin/phys2d/phys2d.js
120 silly gunzTarPerm extractEntry src/odin/phys2d/collision/p2broadphase.js
121 silly gunzTarPerm extractEntry src/odin/phys2d/collision/p2nearphase.js
122 silly gunzTarPerm extractEntry src/odin/phys2d/constraints/p2contact.js
123 silly gunzTarPerm extractEntry src/odin/phys2d/constraints/p2equation.js
124 silly gunzTarPerm extractEntry src/odin/phys2d/constraints/p2friction.js
125 silly gunzTarPerm extractEntry src/odin/phys2d/objects/p2circle.js
126 silly gunzTarPerm extractEntry src/odin/phys2d/objects/p2convex.js
127 silly gunzTarPerm extractEntry src/odin/phys2d/objects/p2particle.js
128 silly gunzTarPerm extractEntry src/odin/phys2d/objects/p2rect.js
129 silly gunzTarPerm extractEntry src/odin/phys2d/objects/p2rigidbody.js
130 silly gunzTarPerm extractEntry src/odin/phys2d/objects/p2shape.js
131 silly lockFile 321a7f12-6477-0-41453414713032544-package tar:///home/nathan/tmp/npm-9096-NEnb28GF/1390447826477-0.41453414713032544/package
132 silly lockFile 321a7f12-6477-0-41453414713032544-package tar:///home/nathan/tmp/npm-9096-NEnb28GF/1390447826477-0.41453414713032544/package
133 silly lockFile 32c0cb95-6477-0-41453414713032544-tmp-tgz tar:///home/nathan/tmp/npm-9096-NEnb28GF/1390447826477-0.41453414713032544/tmp.tgz
134 silly lockFile 32c0cb95-6477-0-41453414713032544-tmp-tgz tar:///home/nathan/tmp/npm-9096-NEnb28GF/1390447826477-0.41453414713032544/tmp.tgz
135 verbose tar pack [ '/home/nathan/.npm/odin/0.0.6/package.tgz',
135 verbose tar pack   '/home/nathan/tmp/npm-9096-NEnb28GF/1390447826477-0.41453414713032544/package' ]
136 verbose tarball /home/nathan/.npm/odin/0.0.6/package.tgz
137 verbose folder /home/nathan/tmp/npm-9096-NEnb28GF/1390447826477-0.41453414713032544/package
138 silly lockFile 321a7f12-6477-0-41453414713032544-package tar:///home/nathan/tmp/npm-9096-NEnb28GF/1390447826477-0.41453414713032544/package
139 verbose lock tar:///home/nathan/tmp/npm-9096-NEnb28GF/1390447826477-0.41453414713032544/package /home/nathan/.npm/321a7f12-6477-0-41453414713032544-package.lock
140 silly lockFile 0a6cd0fc-athan-npm-odin-0-0-6-package-tgz tar:///home/nathan/.npm/odin/0.0.6/package.tgz
141 verbose lock tar:///home/nathan/.npm/odin/0.0.6/package.tgz /home/nathan/.npm/0a6cd0fc-athan-npm-odin-0-0-6-package-tgz.lock
142 silly lockFile 321a7f12-6477-0-41453414713032544-package tar:///home/nathan/tmp/npm-9096-NEnb28GF/1390447826477-0.41453414713032544/package
143 silly lockFile 321a7f12-6477-0-41453414713032544-package tar:///home/nathan/tmp/npm-9096-NEnb28GF/1390447826477-0.41453414713032544/package
144 silly lockFile 0a6cd0fc-athan-npm-odin-0-0-6-package-tgz tar:///home/nathan/.npm/odin/0.0.6/package.tgz
145 silly lockFile 0a6cd0fc-athan-npm-odin-0-0-6-package-tgz tar:///home/nathan/.npm/odin/0.0.6/package.tgz
146 silly lockFile d3191777-me-nathan-npm-odin-0-0-6-package /home/nathan/.npm/odin/0.0.6/package
147 verbose lock /home/nathan/.npm/odin/0.0.6/package /home/nathan/.npm/d3191777-me-nathan-npm-odin-0-0-6-package.lock
148 silly lockFile d3191777-me-nathan-npm-odin-0-0-6-package /home/nathan/.npm/odin/0.0.6/package
149 silly lockFile d3191777-me-nathan-npm-odin-0-0-6-package /home/nathan/.npm/odin/0.0.6/package
150 verbose tar unpack /home/nathan/.npm/odin/0.0.6/package.tgz
151 silly lockFile b065d388-me-nathan-npm-odin-0-0-6-package tar:///home/nathan/.npm/odin/0.0.6/package
152 verbose lock tar:///home/nathan/.npm/odin/0.0.6/package /home/nathan/.npm/b065d388-me-nathan-npm-odin-0-0-6-package.lock
153 silly lockFile 0a6cd0fc-athan-npm-odin-0-0-6-package-tgz tar:///home/nathan/.npm/odin/0.0.6/package.tgz
154 verbose lock tar:///home/nathan/.npm/odin/0.0.6/package.tgz /home/nathan/.npm/0a6cd0fc-athan-npm-odin-0-0-6-package-tgz.lock
155 silly gunzTarPerm modes [ '755', '644' ]
156 silly gunzTarPerm extractEntry package.json
157 silly gunzTarPerm extractEntry README.md
158 silly gunzTarPerm extractEntry Gruntfile.js
159 silly gunzTarPerm extractEntry build/odin.js
160 silly gunzTarPerm extractEntry build/odin.js.src.js
161 silly gunzTarPerm extractEntry build/odin.js.map
162 silly gunzTarPerm extractEntry src/odin/odin.js
163 silly gunzTarPerm extractEntry src/odin/odin_server.js
164 silly gunzTarPerm extractEntry src/odin/base/audio_ctx.js
165 silly gunzTarPerm extractEntry src/odin/base/class.js
166 silly gunzTarPerm extractEntry src/odin/base/device.js
167 silly gunzTarPerm extractEntry src/odin/base/dom.js
168 silly gunzTarPerm extractEntry src/odin/base/enum.js
169 silly gunzTarPerm extractEntry src/odin/base/event_emitter.js
170 silly gunzTarPerm extractEntry src/odin/base/object_pool.js
171 silly gunzTarPerm extractEntry src/odin/base/request_animation_frame.js
172 silly gunzTarPerm extractEntry src/odin/base/time.js
173 silly gunzTarPerm extractEntry src/odin/base/util.js
174 silly gunzTarPerm extractEntry src/odin/core/enums.js
175 silly gunzTarPerm extractEntry src/odin/core/game_object.js
176 silly gunzTarPerm extractEntry src/odin/core/scene.js
177 silly gunzTarPerm extractEntry src/odin/core/assets/asset.js
178 silly gunzTarPerm extractEntry src/odin/core/assets/asset_loader.js
179 silly gunzTarPerm extractEntry src/odin/core/assets/assets.js
180 silly gunzTarPerm extractEntry src/odin/core/assets/audio_clip.js
181 silly gunzTarPerm extractEntry src/odin/core/assets/material.js
182 silly gunzTarPerm extractEntry src/odin/core/assets/mesh.js
183 silly gunzTarPerm extractEntry src/odin/core/assets/shader.js
184 silly gunzTarPerm extractEntry src/odin/core/assets/sprite_sheet.js
185 silly gunzTarPerm extractEntry src/odin/core/assets/texture.js
186 silly gunzTarPerm extractEntry src/odin/core/components/audio_source.js
187 silly gunzTarPerm extractEntry src/odin/core/components/camera_2d.js
188 silly gunzTarPerm extractEntry src/odin/core/components/component.js
189 silly gunzTarPerm extractEntry src/odin/core/components/mesh_filter.js
190 silly gunzTarPerm extractEntry src/odin/core/components/camera.js
191 silly gunzTarPerm extractEntry src/odin/core/components/rigid_body_2d.js
192 silly gunzTarPerm extractEntry src/odin/core/components/sprite.js
193 silly gunzTarPerm extractEntry src/odin/core/components/sprite_animation.js
194 silly gunzTarPerm extractEntry src/odin/core/components/transform.js
195 silly gunzTarPerm extractEntry src/odin/core/components/transform_2d.js
196 silly gunzTarPerm extractEntry src/odin/core/components/particle_system/emitter.js
197 silly gunzTarPerm extractEntry src/odin/core/components/particle_system/emitter_2d.js
198 silly gunzTarPerm extractEntry src/odin/core/components/particle_system/particle.js
199 silly gunzTarPerm extractEntry src/odin/core/components/particle_system/particle_2d.js
200 silly gunzTarPerm extractEntry src/odin/core/components/particle_system/particle_system.js
201 silly gunzTarPerm extractEntry src/odin/core/components/particle_system/tween.js
202 silly gunzTarPerm extractEntry src/odin/core/game/base_game.js
203 silly gunzTarPerm extractEntry src/odin/core/game/client.js
204 silly gunzTarPerm extractEntry src/odin/core/game/client_game.js
205 silly gunzTarPerm extractEntry src/odin/core/game/config.js
206 silly gunzTarPerm extractEntry src/odin/core/game/game.js
207 silly gunzTarPerm extractEntry src/odin/core/game/log.js
208 silly gunzTarPerm extractEntry src/odin/core/game/loop.js
209 silly gunzTarPerm extractEntry src/odin/core/game/server_game.js
210 silly gunzTarPerm extractEntry src/odin/core/gui/gui.js
211 silly gunzTarPerm extractEntry src/odin/core/gui/gui_content.js
212 silly gunzTarPerm extractEntry src/odin/core/gui/gui_layout.js
213 silly gunzTarPerm extractEntry src/odin/core/gui/gui_style.js
214 silly gunzTarPerm extractEntry src/odin/core/gui/gui_style_state.js
215 silly gunzTarPerm extractEntry src/odin/core/input/axes.js
216 silly gunzTarPerm extractEntry src/odin/core/input/axis.js
217 silly gunzTarPerm extractEntry src/odin/core/input/button.js
218 silly gunzTarPerm extractEntry src/odin/core/input/buttons.js
219 silly gunzTarPerm extractEntry src/odin/core/input/handler.js
220 silly gunzTarPerm extractEntry src/odin/core/input/input.js
221 silly gunzTarPerm extractEntry src/odin/core/input/touch.js
222 silly gunzTarPerm extractEntry src/odin/core/input/touches.js
223 silly gunzTarPerm extractEntry src/odin/core/rendering/canvas.js
224 silly gunzTarPerm extractEntry src/odin/core/rendering/canvas_renderer_2d.js
225 silly gunzTarPerm extractEntry src/odin/core/rendering/webgl_renderer.js
226 silly gunzTarPerm extractEntry src/odin/core/rendering/webgl_renderer_2d.js
227 silly gunzTarPerm extractEntry src/odin/core/world/world.js
228 silly gunzTarPerm extractEntry src/odin/core/world/world_2d.js
229 silly gunzTarPerm extractEntry src/odin/lib/socket.io.js
230 silly gunzTarPerm extractEntry src/odin/math/aabb2.js
231 silly gunzTarPerm extractEntry src/odin/math/mat2.js
232 silly gunzTarPerm extractEntry src/odin/math/mat3.js
233 silly gunzTarPerm extractEntry src/odin/math/mat32.js
234 silly gunzTarPerm extractEntry src/odin/math/mat4.js
235 silly gunzTarPerm extractEntry src/odin/math/color.js
236 silly gunzTarPerm extractEntry src/odin/math/quat.js
237 silly gunzTarPerm extractEntry src/odin/math/rect.js
238 silly gunzTarPerm extractEntry src/odin/math/rect_offset.js
239 silly gunzTarPerm extractEntry src/odin/math/vec2.js
240 silly gunzTarPerm extractEntry src/odin/math/vec3.js
241 silly gunzTarPerm extractEntry src/odin/math/aabb3.js
242 silly gunzTarPerm extractEntry src/odin/math/vec4.js
243 silly gunzTarPerm extractEntry src/odin/math/mathf.js
244 silly gunzTarPerm extractEntry src/odin/phys2d/p2enums.js
245 silly gunzTarPerm extractEntry src/odin/phys2d/p2solver.js
246 silly gunzTarPerm extractEntry src/odin/phys2d/p2space.js
247 silly gunzTarPerm extractEntry src/odin/phys2d/phys2d.js
248 silly gunzTarPerm extractEntry src/odin/phys2d/collision/p2broadphase.js
249 silly gunzTarPerm extractEntry src/odin/phys2d/collision/p2nearphase.js
250 silly gunzTarPerm extractEntry src/odin/phys2d/constraints/p2contact.js
251 silly gunzTarPerm extractEntry src/odin/phys2d/constraints/p2equation.js
252 silly gunzTarPerm extractEntry src/odin/phys2d/constraints/p2friction.js
253 silly gunzTarPerm extractEntry src/odin/phys2d/objects/p2circle.js
254 silly gunzTarPerm extractEntry src/odin/phys2d/objects/p2convex.js
255 silly gunzTarPerm extractEntry src/odin/phys2d/objects/p2particle.js
256 silly gunzTarPerm extractEntry src/odin/phys2d/objects/p2rect.js
257 silly gunzTarPerm extractEntry src/odin/phys2d/objects/p2rigidbody.js
258 silly gunzTarPerm extractEntry src/odin/phys2d/objects/p2shape.js
259 silly lockFile b065d388-me-nathan-npm-odin-0-0-6-package tar:///home/nathan/.npm/odin/0.0.6/package
260 silly lockFile b065d388-me-nathan-npm-odin-0-0-6-package tar:///home/nathan/.npm/odin/0.0.6/package
261 silly lockFile 0a6cd0fc-athan-npm-odin-0-0-6-package-tgz tar:///home/nathan/.npm/odin/0.0.6/package.tgz
262 silly lockFile 0a6cd0fc-athan-npm-odin-0-0-6-package-tgz tar:///home/nathan/.npm/odin/0.0.6/package.tgz
263 verbose chmod /home/nathan/.npm/odin/0.0.6/package.tgz 644
264 verbose chown /home/nathan/.npm/odin/0.0.6/package.tgz [ 1000, 1000 ]
265 silly lockFile 3a52ce78- .
266 silly lockFile 3a52ce78- .
267 silly publish { name: 'odin',
267 silly publish   version: '0.0.6',
267 silly publish   description: 'Node.js Canvas/WebGL Javascript Game Framework',
267 silly publish   repository:
267 silly publish    { type: 'git',
267 silly publish      url: 'https://github.com/nathanfaucett/Odin.js.git' },
267 silly publish   main: 'src/odin_server.js',
267 silly publish   keywords: [ 'odin.js', 'odin', 'application', 'framework', 'game', 'engine' ],
267 silly publish   author: { name: 'Nathan Faucett' },
267 silly publish   license: 'BSD-2-Clause',
267 silly publish   dependencies: { 'socket.io': '', requirejs: '', amdefine: '' },
267 silly publish   devDependencies:
267 silly publish    { grunt: '',
267 silly publish      'grunt-contrib-requirejs': '',
267 silly publish      'grunt-contrib-watch': '',
267 silly publish      'grunt-jsbeautifier': '' },
267 silly publish   bugs: { url: 'https://github.com/nathanfaucett/Odin.js/issues' },
267 silly publish   readme: 'ERROR: No README data found!',
267 silly publish   homepage: 'https://github.com/nathanfaucett/Odin.js',
267 silly publish   _id: 'odin@0.0.6',
267 silly publish   dist: { shasum: '57a7132a760cdc4f319832582471924503fe7f59' },
267 silly publish   _from: '.' }
268 verbose url raw odin
269 verbose url resolving [ 'https://registry.npmjs.org/', './odin' ]
270 verbose url resolved https://registry.npmjs.org/odin
271 info trying registry request attempt 1 at 21:30:28
272 http PUT https://registry.npmjs.org/odin
273 http 409 https://registry.npmjs.org/odin
274 verbose url raw odin
275 verbose url resolving [ 'https://registry.npmjs.org/', './odin' ]
276 verbose url resolved https://registry.npmjs.org/odin
277 info trying registry request attempt 1 at 21:30:36
278 http GET https://registry.npmjs.org/odin
279 http 200 https://registry.npmjs.org/odin
280 error publish fail Cannot publish over existing version.
280 error publish fail Update the 'version' field in package.json and try again.
280 error publish fail
280 error publish fail If the previous version was published in error, see:
280 error publish fail     npm help unpublish
280 error publish fail
280 error publish fail To automatically increment version numbers, see:
280 error publish fail     npm help version
281 error System Linux 3.5.0-18-generic
282 error command "node" "/usr/local/bin/npm" "publish"
283 error cwd /var/www/html5/node/odin
284 error node -v v0.10.24
285 error npm -v 1.3.24
286 error code EPUBLISHCONFLICT
287 verbose exit [ 1, true ]
